app/build/intermediates/manifest_merge_blame_file/debug/manifest-merger-blame-debug-report.txt
1<?xml version="1.0" encoding="utf-8"?>
2<manifest xmlns:android="http://schemas.android.com/apk/res/android"
3    package="com.example.softxpertt"
4    android:versionCode="1"
5    android:versionName="1.0" >
6
7    <uses-sdk
8        android:minSdkVersion="21"
8-->src\main\AndroidManifest.xml
9        android:targetSdkVersion="30" />
9-->src\main\AndroidManifest.xml
10
11    <uses-permission android:name="android.permission.INTERNET" />
11-->src\main\AndroidManifest.xml:5:5-67
11-->src\main\AndroidManifest.xml:5:22-64
12    <uses-permission android:name="android.permission.ACCESS_FINE_LOCATION" />
12-->src\main\AndroidManifest.xml:6:5-79
12-->src\main\AndroidManifest.xml:6:22-76
13    <uses-permission android:name="android.permission. ACCESS_COARSE_LOCATION" />
13-->src\main\AndroidManifest.xml:7:5-82
13-->src\main\AndroidManifest.xml:7:22-79
14    <uses-permission android:name="android.permission.BLUETOOTH" />
14-->[com.stripe:stripeterminal:1.0.0] AndroidManifest.xml:11:5-68
14-->[com.stripe:stripeterminal:1.0.0] AndroidManifest.xml:11:22-65
15    <uses-permission android:name="android.permission.BLUETOOTH_ADMIN" />
15-->[com.stripe:stripeterminal:1.0.0] AndroidManifest.xml:12:5-74
15-->[com.stripe:stripeterminal:1.0.0] AndroidManifest.xml:12:22-71
16    <uses-permission android:name="android.permission.ACCESS_COARSE_LOCATION" />
16-->[com.stripe:stripeterminal:1.0.0] AndroidManifest.xml:13:5-81
16-->[com.stripe:stripeterminal:1.0.0] AndroidManifest.xml:13:22-78
17    <uses-permission android:name="android.permission.ACCESS_NETWORK_STATE" />
17-->[com.stripe:stripeterminal:1.0.0] AndroidManifest.xml:15:5-79
17-->[com.stripe:stripeterminal:1.0.0] AndroidManifest.xml:15:22-76
18
19    <application
19-->src\main\AndroidManifest.xml:9:5-22:19
20        android:allowBackup="true"
20-->src\main\AndroidManifest.xml:10:9-35
21        android:appComponentFactory="androidx.core.app.CoreComponentFactory"
21-->[androidx.core:core:1.1.0] AndroidManifest.xml:24:18-86
22        android:debuggable="true"
23        android:icon="@mipmap/ic_launcher"
23-->src\main\AndroidManifest.xml:11:9-43
24        android:label="@string/app_name"
24-->src\main\AndroidManifest.xml:12:9-41
25        android:roundIcon="@mipmap/ic_launcher_round"
25-->src\main\AndroidManifest.xml:13:9-54
26        android:supportsRtl="true"
26-->src\main\AndroidManifest.xml:14:9-35
27        android:theme="@style/Theme.AppCompat" >
27-->src\main\AndroidManifest.xml:15:9-47
28        <activity android:name="com.example.softxpertt.MainActivity" >
28-->src\main\AndroidManifest.xml:16:9-21:20
28-->src\main\AndroidManifest.xml:16:19-47
29            <intent-filter>
29-->src\main\AndroidManifest.xml:17:13-20:29
30                <action android:name="android.intent.action.MAIN" />
30-->src\main\AndroidManifest.xml:18:17-69
30-->src\main\AndroidManifest.xml:18:25-66
31
32                <category android:name="android.intent.category.LAUNCHER" />
32-->src\main\AndroidManifest.xml:19:17-77
32-->src\main\AndroidManifest.xml:19:27-74
33            </intent-filter>
34        </activity>
35        <activity
35-->[com.stripe:stripe-android:12.6.1] AndroidManifest.xml:12:9-14:57
36            android:name="com.stripe.android.view.AddPaymentMethodActivity"
36-->[com.stripe:stripe-android:12.6.1] AndroidManifest.xml:13:13-76
37            android:theme="@style/StripeDefaultTheme" />
37-->[com.stripe:stripe-android:12.6.1] AndroidManifest.xml:14:13-54
38        <activity
38-->[com.stripe:stripe-android:12.6.1] AndroidManifest.xml:15:9-17:57
39            android:name="com.stripe.android.view.PaymentMethodsActivity"
39-->[com.stripe:stripe-android:12.6.1] AndroidManifest.xml:16:13-74
40            android:theme="@style/StripeDefaultTheme" />
40-->[com.stripe:stripe-android:12.6.1] AndroidManifest.xml:17:13-54
41        <activity
41-->[com.stripe:stripe-android:12.6.1] AndroidManifest.xml:18:9-20:57
42            android:name="com.stripe.android.view.PaymentFlowActivity"
42-->[com.stripe:stripe-android:12.6.1] AndroidManifest.xml:19:13-71
43            android:theme="@style/StripeDefaultTheme" />
43-->[com.stripe:stripe-android:12.6.1] AndroidManifest.xml:20:13-54
44        <activity
44-->[com.stripe:stripe-android:12.6.1] AndroidManifest.xml:21:9-23:57
45            android:name="com.stripe.android.view.PaymentAuthWebViewActivity"
45-->[com.stripe:stripe-android:12.6.1] AndroidManifest.xml:22:13-78
46            android:theme="@style/StripeDefaultTheme" />
46-->[com.stripe:stripe-android:12.6.1] AndroidManifest.xml:23:13-54
47        <activity
47-->[com.stripe:stripe-android:12.6.1] AndroidManifest.xml:24:9-26:57
48            android:name="com.stripe.android.view.PaymentRelayActivity"
48-->[com.stripe:stripe-android:12.6.1] AndroidManifest.xml:25:13-72
49            android:theme="@style/StripeDefaultTheme" />
49-->[com.stripe:stripe-android:12.6.1] AndroidManifest.xml:26:13-54
50        <activity
50-->[com.stripe:stripe-3ds2-android:2.2.4] AndroidManifest.xml:12:9-14:54
51            android:name="com.stripe.android.stripe3ds2.views.ChallengeActivity"
51-->[com.stripe:stripe-3ds2-android:2.2.4] AndroidManifest.xml:13:13-81
52            android:theme="@style/Stripe3DS2Theme" />
52-->[com.stripe:stripe-3ds2-android:2.2.4] AndroidManifest.xml:14:13-51
53        <activity
53-->[com.stripe:stripe-3ds2-android:2.2.4] AndroidManifest.xml:15:9-17:54
54            android:name="com.stripe.android.stripe3ds2.views.ChallengeProgressDialogActivity"
54-->[com.stripe:stripe-3ds2-android:2.2.4] AndroidManifest.xml:16:13-95
55            android:theme="@style/Stripe3DS2Theme" />
55-->[com.stripe:stripe-3ds2-android:2.2.4] AndroidManifest.xml:17:13-51
56
57        <provider
57-->[androidx.lifecycle:lifecycle-process:2.1.0] AndroidManifest.xml:23:9-27:43
58            android:name="androidx.lifecycle.ProcessLifecycleOwnerInitializer"
58-->[androidx.lifecycle:lifecycle-process:2.1.0] AndroidManifest.xml:24:13-79
59            android:authorities="com.example.softxpertt.lifecycle-process"
59-->[androidx.lifecycle:lifecycle-process:2.1.0] AndroidManifest.xml:25:13-69
60            android:exported="false"
60-->[androidx.lifecycle:lifecycle-process:2.1.0] AndroidManifest.xml:26:13-37
61            android:multiprocess="true" />
61-->[androidx.lifecycle:lifecycle-process:2.1.0] AndroidManifest.xml:27:13-40
62    </application>
63
64</manifest>